<?xml version="1.0" encoding="utf-8"?><testsuites name="pytest tests"><testsuite name="pytest" errors="0" failures="0" skipped="0" tests="16" time="3.827" timestamp="2026-04-26T19:28:57.954201+00:00" hostname="agent-env-bc39c1ec-d466-4903-9bf5-8b10b009d23a"><testcase classname="backend.tests.test_conference_notebook.TestNotebookAuthGating" name="test_list_without_auth_returns_401" time="0.198" /><testcase classname="backend.tests.test_conference_notebook.TestNotebookAuthGating" name="test_put_without_auth_returns_401" time="0.148" /><testcase classname="backend.tests.test_conference_notebook.TestNotebookAuthGating" name="test_delete_without_auth_returns_401" time="0.143" /><testcase classname="backend.tests.test_conference_notebook.TestNotebookAuthGating" name="test_list_with_invalid_bearer_returns_401" time="0.111" /><testcase classname="backend.tests.test_conference_notebook.TestNotebookCrud" name="test_list_returns_list_when_authed" time="0.462" /><testcase classname="backend.tests.test_conference_notebook.TestNotebookCrud" name="test_put_upsert_creates_note_and_get_returns_it" time="0.384" /><testcase classname="backend.tests.test_conference_notebook.TestNotebookCrud" name="test_put_idempotent_no_duplicates" time="0.557" /><testcase classname="backend.tests.test_conference_notebook.TestNotebookCrud" name="test_delete_removes_note" time="0.328" /><testcase classname="backend.tests.test_conference_notebook.TestNotebookCrud" name="test_delete_nonexistent_is_idempotent" time="0.110" /><testcase classname="backend.tests.test_conference_notebook.TestNotebookCrud" name="test_put_minimal_payload_defaults" time="0.262" /><testcase classname="backend.tests.test_conference_notebook.TestRegressionSmoke" name="test_health" time="0.115" /><testcase classname="backend.tests.test_conference_notebook.TestRegressionSmoke" name="test_login_still_works" time="0.339" /><testcase classname="backend.tests.test_conference_notebook.TestRegressionSmoke" name="test_me_with_token" time="0.143" /><testcase classname="backend.tests.test_conference_notebook.TestRegressionSmoke" name="test_admin_contact_submissions" time="0.156" /><testcase classname="backend.tests.test_conference_notebook.TestRegressionSmoke" name="test_admin_newsletter_subscribers" time="0.117" /><testcase classname="backend.tests.test_conference_notebook.TestRegressionSmoke" name="test_content_contributors_public" time="0.159" /></testsuite></testsuites>