<?xml version="1.0" encoding="utf-8"?><testsuites name="pytest tests"><testsuite name="pytest" errors="0" failures="0" skipped="0" tests="23" time="5.633" timestamp="2026-04-27T00:04:53.984753+00:00" hostname="agent-env-bc39c1ec-d466-4903-9bf5-8b10b009d23a"><testcase classname="backend.tests.test_conference_notebook.TestNotebookAuthGating" name="test_list_without_auth_returns_401" time="0.121" /><testcase classname="backend.tests.test_conference_notebook.TestNotebookAuthGating" name="test_put_without_auth_returns_401" time="0.103" /><testcase classname="backend.tests.test_conference_notebook.TestNotebookAuthGating" name="test_delete_without_auth_returns_401" time="0.133" /><testcase classname="backend.tests.test_conference_notebook.TestNotebookAuthGating" name="test_list_with_invalid_bearer_returns_401" time="0.152" /><testcase classname="backend.tests.test_conference_notebook.TestNotebookCrud" name="test_list_returns_list_when_authed" time="0.457" /><testcase classname="backend.tests.test_conference_notebook.TestNotebookCrud" name="test_put_upsert_creates_note_and_get_returns_it" time="0.344" /><testcase classname="backend.tests.test_conference_notebook.TestNotebookCrud" name="test_put_idempotent_no_duplicates" time="0.457" /><testcase classname="backend.tests.test_conference_notebook.TestNotebookCrud" name="test_delete_removes_note" time="0.401" /><testcase classname="backend.tests.test_conference_notebook.TestNotebookCrud" name="test_delete_nonexistent_is_idempotent" time="0.149" /><testcase classname="backend.tests.test_conference_notebook.TestNotebookCrud" name="test_put_minimal_payload_defaults" time="0.238" /><testcase classname="backend.tests.test_conference_notebook.TestIsPublicAndPublicEndpoint" name="test_record_includes_is_public_default_false" time="0.215" /><testcase classname="backend.tests.test_conference_notebook.TestIsPublicAndPublicEndpoint" name="test_put_can_set_is_public_true" time="0.341" /><testcase classname="backend.tests.test_conference_notebook.TestIsPublicAndPublicEndpoint" name="test_put_partial_payload_preserves_existing_is_public" time="0.421" /><testcase classname="backend.tests.test_conference_notebook.TestIsPublicAndPublicEndpoint" name="test_put_can_flip_is_public_back_to_false" time="0.347" /><testcase classname="backend.tests.test_conference_notebook.TestIsPublicAndPublicEndpoint" name="test_public_endpoint_no_auth_required" time="0.105" /><testcase classname="backend.tests.test_conference_notebook.TestIsPublicAndPublicEndpoint" name="test_public_endpoint_returns_only_published" time="0.528" /><testcase classname="backend.tests.test_conference_notebook.TestIsPublicAndPublicEndpoint" name="test_public_endpoint_unknown_conference_returns_empty_list" time="0.106" /><testcase classname="backend.tests.test_conference_notebook.TestRegressionSmoke" name="test_health" time="0.104" /><testcase classname="backend.tests.test_conference_notebook.TestRegressionSmoke" name="test_login_still_works" time="0.325" /><testcase classname="backend.tests.test_conference_notebook.TestRegressionSmoke" name="test_me_with_token" time="0.120" /><testcase classname="backend.tests.test_conference_notebook.TestRegressionSmoke" name="test_admin_contact_submissions" time="0.140" /><testcase classname="backend.tests.test_conference_notebook.TestRegressionSmoke" name="test_admin_newsletter_subscribers" time="0.121" /><testcase classname="backend.tests.test_conference_notebook.TestRegressionSmoke" name="test_content_contributors_public" time="0.129" /></testsuite></testsuites>