<?xml version="1.0" encoding="utf-8"?><testsuites name="pytest tests"><testsuite name="pytest" errors="0" failures="0" skipped="0" tests="64" time="15.480" timestamp="2026-04-19T04:04:46.367983+00:00" hostname="agent-env-bc39c1ec-d466-4903-9bf5-8b10b009d23a"><testcase classname="backend.tests.test_api.TestHealthEndpoints" name="test_root_endpoint_returns_service_info" time="0.264" /><testcase classname="backend.tests.test_api.TestHealthEndpoints" name="test_health_endpoint_returns_mongo_status" time="0.123" /><testcase classname="backend.tests.test_api.TestStatsEndpoint" name="test_stats_returns_counts" time="0.127" /><testcase classname="backend.tests.test_api.TestContactEndpoint" name="test_contact_submit_valid_data" time="0.115" /><testcase classname="backend.tests.test_api.TestContactEndpoint" name="test_contact_submit_minimal_data" time="0.128" /><testcase classname="backend.tests.test_api.TestContactEndpoint" name="test_contact_submit_invalid_email_returns_422" time="0.112" /><testcase classname="backend.tests.test_api.TestContactEndpoint" name="test_contact_submit_missing_name_returns_422" time="0.116" /><testcase classname="backend.tests.test_api.TestContactEndpoint" name="test_contact_submit_missing_message_returns_422" time="0.110" /><testcase classname="backend.tests.test_api.TestContactEndpoint" name="test_contact_submit_message_too_short_returns_422" time="0.136" /><testcase classname="backend.tests.test_api.TestContactEndpoint" name="test_contact_submit_empty_name_returns_422" time="0.129" /><testcase classname="backend.tests.test_api.TestContactSubmissionsList" name="test_list_contacts_returns_list" time="0.460" /><testcase classname="backend.tests.test_api.TestContactSubmissionsList" name="test_list_contacts_excludes_sensitive_fields" time="0.562" /><testcase classname="backend.tests.test_api.TestContactSubmissionsList" name="test_list_contacts_with_limit" time="0.443" /><testcase classname="backend.tests.test_api.TestContactSubmissionsList" name="test_list_contacts_sorted_newest_first" time="0.450" /><testcase classname="backend.tests.test_api.TestNewsletterEndpoint" name="test_newsletter_subscribe_valid_email" time="0.116" /><testcase classname="backend.tests.test_api.TestNewsletterEndpoint" name="test_newsletter_subscribe_minimal_data" time="0.098" /><testcase classname="backend.tests.test_api.TestNewsletterEndpoint" name="test_newsletter_subscribe_idempotent" time="0.237" /><testcase classname="backend.tests.test_api.TestNewsletterEndpoint" name="test_newsletter_subscribe_invalid_email_returns_422" time="0.108" /><testcase classname="backend.tests.test_api.TestNewsletterEndpoint" name="test_newsletter_subscribe_missing_email_returns_422" time="0.114" /><testcase classname="backend.tests.test_api.TestNewsletterSubscribersList" name="test_list_subscribers_returns_list" time="0.436" /><testcase classname="backend.tests.test_api.TestNewsletterSubscribersList" name="test_list_subscribers_excludes_sensitive_fields" time="0.587" /><testcase classname="backend.tests.test_api.TestNewsletterSubscribersList" name="test_list_subscribers_with_limit" time="0.480" /><testcase classname="backend.tests.test_api.TestNewsletterSubscribersList" name="test_list_subscribers_sorted_newest_first" time="0.453" /><testcase classname="backend.tests.test_api.TestMongoDBIndexes" name="test_newsletter_email_unique_index_handled_gracefully" time="0.216" /><testcase classname="backend.tests.test_api.TestEndToEndFlow" name="test_full_contact_flow" time="0.759" /><testcase classname="backend.tests.test_api.TestEndToEndFlow" name="test_full_newsletter_flow" time="1.027" /><testcase classname="backend.tests.test_auth_content_admin.TestAuthLogin" name="test_login_with_correct_credentials_returns_token" time="0.344" /><testcase classname="backend.tests.test_auth_content_admin.TestAuthLogin" name="test_login_sets_httponly_cookie" time="0.323" /><testcase classname="backend.tests.test_auth_content_admin.TestAuthLogin" name="test_login_with_wrong_password_returns_401" time="0.344" /><testcase classname="backend.tests.test_auth_content_admin.TestAuthLogin" name="test_login_with_nonexistent_email_returns_401" time="0.102" /><testcase classname="backend.tests.test_auth_content_admin.TestAuthLogin" name="test_login_with_invalid_email_format_returns_422" time="0.112" /><testcase classname="backend.tests.test_auth_content_admin.TestAuthMe" name="test_me_with_valid_bearer_token_returns_user" time="0.448" /><testcase classname="backend.tests.test_auth_content_admin.TestAuthMe" name="test_me_without_token_returns_401" time="0.114" /><testcase classname="backend.tests.test_auth_content_admin.TestAuthMe" name="test_me_with_invalid_token_returns_401" time="0.108" /><testcase classname="backend.tests.test_auth_content_admin.TestAdminEndpoints" name="test_admin_contact_submissions_without_auth_returns_401" time="0.102" /><testcase classname="backend.tests.test_auth_content_admin.TestAdminEndpoints" name="test_admin_contact_submissions_with_auth_returns_list" time="0.489" /><testcase classname="backend.tests.test_auth_content_admin.TestAdminEndpoints" name="test_admin_newsletter_subscribers_without_auth_returns_401" time="0.130" /><testcase classname="backend.tests.test_auth_content_admin.TestAdminEndpoints" name="test_admin_newsletter_subscribers_with_auth_returns_list" time="0.428" /><testcase classname="backend.tests.test_auth_content_admin.TestAdminEndpoints" name="test_admin_overview_without_auth_returns_401" time="0.108" /><testcase classname="backend.tests.test_auth_content_admin.TestAdminEndpoints" name="test_admin_overview_with_auth_returns_counts" time="0.434" /><testcase classname="backend.tests.test_auth_content_admin.TestAdminEndpoints" name="test_legacy_contact_submissions_without_auth_returns_401" time="0.101" /><testcase classname="backend.tests.test_auth_content_admin.TestAdminEndpoints" name="test_legacy_newsletter_subscribers_without_auth_returns_401" time="0.103" /><testcase classname="backend.tests.test_auth_content_admin.TestContentContributors" name="test_list_contributors_returns_list" time="0.114" /><testcase classname="backend.tests.test_auth_content_admin.TestContentContributors" name="test_list_contributors_seeded_100" time="0.138" /><testcase classname="backend.tests.test_auth_content_admin.TestContentContributors" name="test_get_contributor_hinton_by_id" time="0.113" /><testcase classname="backend.tests.test_auth_content_admin.TestContentContributors" name="test_get_contributor_not_found_returns_404" time="0.103" /><testcase classname="backend.tests.test_auth_content_admin.TestContentContributors" name="test_list_contributors_with_segment_filter" time="0.117" /><testcase classname="backend.tests.test_auth_content_admin.TestContentContributors" name="test_list_contributors_with_search_query" time="0.105" /><testcase classname="backend.tests.test_auth_content_admin.TestContentUpdates" name="test_list_updates_returns_list" time="0.108" /><testcase classname="backend.tests.test_auth_content_admin.TestContentUpdates" name="test_list_updates_seeded_7" time="0.105" /><testcase classname="backend.tests.test_auth_content_admin.TestContentUpdates" name="test_get_update_by_slug" time="0.103" /><testcase classname="backend.tests.test_auth_content_admin.TestContentUpdates" name="test_get_update_not_found_returns_404" time="0.102" /><testcase classname="backend.tests.test_auth_content_admin.TestContentPillars" name="test_list_pillars_returns_list" time="0.109" /><testcase classname="backend.tests.test_auth_content_admin.TestContentPillars" name="test_list_pillars_seeded_6" time="0.132" /><testcase classname="backend.tests.test_auth_content_admin.TestContentPillars" name="test_get_pillar_by_slug_with_nested_posts" time="0.218" /><testcase classname="backend.tests.test_auth_content_admin.TestContentPillars" name="test_get_pillar_not_found_returns_404" time="0.113" /><testcase classname="backend.tests.test_auth_content_admin.TestContentPosts" name="test_list_posts_returns_list" time="0.115" /><testcase classname="backend.tests.test_auth_content_admin.TestContentPosts" name="test_list_posts_seeded_21" time="0.113" /><testcase classname="backend.tests.test_auth_content_admin.TestContentPosts" name="test_get_post_by_slug" time="0.141" /><testcase classname="backend.tests.test_auth_content_admin.TestContentPosts" name="test_get_post_not_found_returns_404" time="0.108" /><testcase classname="backend.tests.test_auth_content_admin.TestContentPosts" name="test_list_posts_with_pillar_filter" time="0.226" /><testcase classname="backend.tests.test_auth_content_admin.TestContentSitemap" name="test_sitemap_returns_all_slug_lists" time="0.106" /><testcase classname="backend.tests.test_auth_content_admin.TestContactNewsletterWithAuth" name="test_contact_submission_appears_in_admin_list" time="0.591" /><testcase classname="backend.tests.test_auth_content_admin.TestContactNewsletterWithAuth" name="test_newsletter_subscription_appears_in_admin_list" time="0.557" /></testsuite></testsuites>