<?xml version="1.0" encoding="utf-8"?><testsuites name="pytest tests"><testsuite name="pytest" errors="0" failures="0" skipped="0" tests="26" time="5.608" timestamp="2026-04-19T03:43:49.566449+00:00" hostname="agent-env-bc39c1ec-d466-4903-9bf5-8b10b009d23a"><testcase classname="backend.tests.test_api.TestHealthEndpoints" name="test_root_endpoint_returns_service_info" time="0.213" /><testcase classname="backend.tests.test_api.TestHealthEndpoints" name="test_health_endpoint_returns_mongo_status" time="0.142" /><testcase classname="backend.tests.test_api.TestStatsEndpoint" name="test_stats_returns_counts" time="0.151" /><testcase classname="backend.tests.test_api.TestContactEndpoint" name="test_contact_submit_valid_data" time="0.197" /><testcase classname="backend.tests.test_api.TestContactEndpoint" name="test_contact_submit_minimal_data" time="0.135" /><testcase classname="backend.tests.test_api.TestContactEndpoint" name="test_contact_submit_invalid_email_returns_422" time="0.148" /><testcase classname="backend.tests.test_api.TestContactEndpoint" name="test_contact_submit_missing_name_returns_422" time="0.134" /><testcase classname="backend.tests.test_api.TestContactEndpoint" name="test_contact_submit_missing_message_returns_422" time="0.127" /><testcase classname="backend.tests.test_api.TestContactEndpoint" name="test_contact_submit_message_too_short_returns_422" time="0.156" /><testcase classname="backend.tests.test_api.TestContactEndpoint" name="test_contact_submit_empty_name_returns_422" time="0.163" /><testcase classname="backend.tests.test_api.TestContactSubmissionsList" name="test_list_contacts_returns_list" time="0.151" /><testcase classname="backend.tests.test_api.TestContactSubmissionsList" name="test_list_contacts_excludes_sensitive_fields" time="0.259" /><testcase classname="backend.tests.test_api.TestContactSubmissionsList" name="test_list_contacts_with_limit" time="0.136" /><testcase classname="backend.tests.test_api.TestContactSubmissionsList" name="test_list_contacts_sorted_newest_first" time="0.146" /><testcase classname="backend.tests.test_api.TestNewsletterEndpoint" name="test_newsletter_subscribe_valid_email" time="0.131" /><testcase classname="backend.tests.test_api.TestNewsletterEndpoint" name="test_newsletter_subscribe_minimal_data" time="0.135" /><testcase classname="backend.tests.test_api.TestNewsletterEndpoint" name="test_newsletter_subscribe_idempotent" time="0.263" /><testcase classname="backend.tests.test_api.TestNewsletterEndpoint" name="test_newsletter_subscribe_invalid_email_returns_422" time="0.143" /><testcase classname="backend.tests.test_api.TestNewsletterEndpoint" name="test_newsletter_subscribe_missing_email_returns_422" time="0.126" /><testcase classname="backend.tests.test_api.TestNewsletterSubscribersList" name="test_list_subscribers_returns_list" time="0.137" /><testcase classname="backend.tests.test_api.TestNewsletterSubscribersList" name="test_list_subscribers_excludes_sensitive_fields" time="0.282" /><testcase classname="backend.tests.test_api.TestNewsletterSubscribersList" name="test_list_subscribers_with_limit" time="0.128" /><testcase classname="backend.tests.test_api.TestNewsletterSubscribersList" name="test_list_subscribers_sorted_newest_first" time="0.138" /><testcase classname="backend.tests.test_api.TestMongoDBIndexes" name="test_newsletter_email_unique_index_handled_gracefully" time="0.265" /><testcase classname="backend.tests.test_api.TestEndToEndFlow" name="test_full_contact_flow" time="0.558" /><testcase classname="backend.tests.test_api.TestEndToEndFlow" name="test_full_newsletter_flow" time="0.895" /></testsuite></testsuites>