<?xml version="1.0" encoding="utf-8"?><testsuites name="pytest tests"><testsuite name="pytest" errors="0" failures="0" skipped="0" tests="38" time="7.938" timestamp="2026-04-19T04:02:38.747655+00:00" hostname="agent-env-bc39c1ec-d466-4903-9bf5-8b10b009d23a"><testcase classname="backend.tests.test_auth_content_admin.TestAuthLogin" name="test_login_with_correct_credentials_returns_token" time="0.421" /><testcase classname="backend.tests.test_auth_content_admin.TestAuthLogin" name="test_login_sets_httponly_cookie" time="0.332" /><testcase classname="backend.tests.test_auth_content_admin.TestAuthLogin" name="test_login_with_wrong_password_returns_401" time="0.385" /><testcase classname="backend.tests.test_auth_content_admin.TestAuthLogin" name="test_login_with_nonexistent_email_returns_401" time="0.108" /><testcase classname="backend.tests.test_auth_content_admin.TestAuthLogin" name="test_login_with_invalid_email_format_returns_422" time="0.117" /><testcase classname="backend.tests.test_auth_content_admin.TestAuthMe" name="test_me_with_valid_bearer_token_returns_user" time="0.442" /><testcase classname="backend.tests.test_auth_content_admin.TestAuthMe" name="test_me_without_token_returns_401" time="0.104" /><testcase classname="backend.tests.test_auth_content_admin.TestAuthMe" name="test_me_with_invalid_token_returns_401" time="0.122" /><testcase classname="backend.tests.test_auth_content_admin.TestAdminEndpoints" name="test_admin_contact_submissions_without_auth_returns_401" time="0.112" /><testcase classname="backend.tests.test_auth_content_admin.TestAdminEndpoints" name="test_admin_contact_submissions_with_auth_returns_list" time="0.492" /><testcase classname="backend.tests.test_auth_content_admin.TestAdminEndpoints" name="test_admin_newsletter_subscribers_without_auth_returns_401" time="0.125" /><testcase classname="backend.tests.test_auth_content_admin.TestAdminEndpoints" name="test_admin_newsletter_subscribers_with_auth_returns_list" time="0.437" /><testcase classname="backend.tests.test_auth_content_admin.TestAdminEndpoints" name="test_admin_overview_without_auth_returns_401" time="0.114" /><testcase classname="backend.tests.test_auth_content_admin.TestAdminEndpoints" name="test_admin_overview_with_auth_returns_counts" time="0.444" /><testcase classname="backend.tests.test_auth_content_admin.TestAdminEndpoints" name="test_legacy_contact_submissions_without_auth_returns_401" time="0.137" /><testcase classname="backend.tests.test_auth_content_admin.TestAdminEndpoints" name="test_legacy_newsletter_subscribers_without_auth_returns_401" time="0.096" /><testcase classname="backend.tests.test_auth_content_admin.TestContentContributors" name="test_list_contributors_returns_list" time="0.132" /><testcase classname="backend.tests.test_auth_content_admin.TestContentContributors" name="test_list_contributors_seeded_100" time="0.126" /><testcase classname="backend.tests.test_auth_content_admin.TestContentContributors" name="test_get_contributor_hinton_by_id" time="0.101" /><testcase classname="backend.tests.test_auth_content_admin.TestContentContributors" name="test_get_contributor_not_found_returns_404" time="0.104" /><testcase classname="backend.tests.test_auth_content_admin.TestContentContributors" name="test_list_contributors_with_segment_filter" time="0.119" /><testcase classname="backend.tests.test_auth_content_admin.TestContentContributors" name="test_list_contributors_with_search_query" time="0.125" /><testcase classname="backend.tests.test_auth_content_admin.TestContentUpdates" name="test_list_updates_returns_list" time="0.116" /><testcase classname="backend.tests.test_auth_content_admin.TestContentUpdates" name="test_list_updates_seeded_7" time="0.108" /><testcase classname="backend.tests.test_auth_content_admin.TestContentUpdates" name="test_get_update_by_slug" time="0.113" /><testcase classname="backend.tests.test_auth_content_admin.TestContentUpdates" name="test_get_update_not_found_returns_404" time="0.153" /><testcase classname="backend.tests.test_auth_content_admin.TestContentPillars" name="test_list_pillars_returns_list" time="0.121" /><testcase classname="backend.tests.test_auth_content_admin.TestContentPillars" name="test_list_pillars_seeded_6" time="0.123" /><testcase classname="backend.tests.test_auth_content_admin.TestContentPillars" name="test_get_pillar_by_slug_with_nested_posts" time="0.256" /><testcase classname="backend.tests.test_auth_content_admin.TestContentPillars" name="test_get_pillar_not_found_returns_404" time="0.114" /><testcase classname="backend.tests.test_auth_content_admin.TestContentPosts" name="test_list_posts_returns_list" time="0.134" /><testcase classname="backend.tests.test_auth_content_admin.TestContentPosts" name="test_list_posts_seeded_21" time="0.108" /><testcase classname="backend.tests.test_auth_content_admin.TestContentPosts" name="test_get_post_by_slug" time="0.121" /><testcase classname="backend.tests.test_auth_content_admin.TestContentPosts" name="test_get_post_not_found_returns_404" time="0.112" /><testcase classname="backend.tests.test_auth_content_admin.TestContentPosts" name="test_list_posts_with_pillar_filter" time="0.259" /><testcase classname="backend.tests.test_auth_content_admin.TestContentSitemap" name="test_sitemap_returns_all_slug_lists" time="0.113" /><testcase classname="backend.tests.test_auth_content_admin.TestContactNewsletterWithAuth" name="test_contact_submission_appears_in_admin_list" time="0.567" /><testcase classname="backend.tests.test_auth_content_admin.TestContactNewsletterWithAuth" name="test_newsletter_subscription_appears_in_admin_list" time="0.588" /></testsuite></testsuites>